<?xml version="1.0" encoding="UTF-8"?>
<coverage generated="1579091731">
  <project timestamp="1579091731">
    <package name="App\Actions">
      <file name="C:\MAMP\htdocs\lite-api\app\Actions\SaveField.php">
        <class name="App\Actions\SaveField" namespace="App\Actions">
          <metrics complexity="2" methods="1" coveredmethods="1" conditionals="0" coveredconditionals="0" statements="7" coveredstatements="7" elements="8" coveredelements="8"/>
        </class>
        <line num="11" type="method" name="execute" visibility="public" complexity="2" crap="2" count="2"/>
        <line num="13" type="stmt" count="2"/>
        <line num="14" type="stmt" count="2"/>
        <line num="16" type="stmt" count="1"/>
        <line num="17" type="stmt" count="1"/>
        <line num="18" type="stmt" count="1"/>
        <line num="20" type="stmt" count="2"/>
        <line num="21" type="stmt" count="2"/>
        <metrics loc="22" ncloc="20" classes="1" methods="1" coveredmethods="1" conditionals="0" coveredconditionals="0" statements="7" coveredstatements="7" elements="8" coveredelements="8"/>
      </file>
      <file name="C:\MAMP\htdocs\lite-api\app\Actions\SaveSubscriber.php">
        <class name="App\Actions\SaveSubscriber" namespace="App\Actions">
          <metrics complexity="4" methods="2" coveredmethods="2" conditionals="0" coveredconditionals="0" statements="10" coveredstatements="10" elements="12" coveredelements="12"/>
        </class>
        <line num="11" type="method" name="execute" visibility="public" complexity="2" crap="2" count="1"/>
        <line num="13" type="stmt" count="1"/>
        <line num="14" type="stmt" count="1"/>
        <line num="15" type="stmt" count="1"/>
        <line num="16" type="stmt" count="1"/>
        <line num="18" type="stmt" count="1"/>
        <line num="20" type="stmt" count="1"/>
        <line num="21" type="stmt" count="1"/>
        <line num="23" type="method" name="requestFields" visibility="protected" complexity="2" crap="2" count="1"/>
        <line num="25" type="stmt" count="1"/>
        <line num="26" type="stmt" count="1"/>
        <line num="27" type="stmt" count="1"/>
        <metrics loc="29" ncloc="29" classes="1" methods="2" coveredmethods="2" conditionals="0" coveredconditionals="0" statements="10" coveredstatements="10" elements="12" coveredelements="12"/>
      </file>
    </package>
    <package name="App\Console">
      <file name="C:\MAMP\htdocs\lite-api\app\Console\Kernel.php">
        <class name="App\Console\Kernel" namespace="App\Console">
          <metrics complexity="2" methods="2" coveredmethods="1" conditionals="0" coveredconditionals="0" statements="4" coveredstatements="3" elements="6" coveredelements="4"/>
        </class>
        <line num="25" type="method" name="schedule" visibility="protected" complexity="1" crap="2" count="0"/>
        <line num="29" type="stmt" count="0"/>
        <line num="36" type="method" name="commands" visibility="protected" complexity="1" crap="1" count="45"/>
        <line num="38" type="stmt" count="45"/>
        <line num="40" type="stmt" count="45"/>
        <line num="41" type="stmt" count="45"/>
        <metrics loc="42" ncloc="20" classes="1" methods="2" coveredmethods="1" conditionals="0" coveredconditionals="0" statements="4" coveredstatements="3" elements="6" coveredelements="4"/>
      </file>
    </package>
    <package name="App\Enums">
      <file name="C:\MAMP\htdocs\lite-api\app\Enums\FieldType.php">
        <class name="App\Enums\FieldType" namespace="App\Enums">
          <metrics complexity="0" methods="0" coveredmethods="0" conditionals="0" coveredconditionals="0" statements="0" coveredstatements="0" elements="0" coveredelements="0"/>
        </class>
        <metrics loc="19" ncloc="13" classes="0" methods="0" coveredmethods="0" conditionals="0" coveredconditionals="0" statements="0" coveredstatements="0" elements="0" coveredelements="0"/>
      </file>
      <file name="C:\MAMP\htdocs\lite-api\app\Enums\SubscriberState.php">
        <class name="App\Enums\SubscriberState" namespace="App\Enums">
          <metrics complexity="0" methods="0" coveredmethods="0" conditionals="0" coveredconditionals="0" statements="0" coveredstatements="0" elements="0" coveredelements="0"/>
        </class>
        <metrics loc="21" ncloc="14" classes="0" methods="0" coveredmethods="0" conditionals="0" coveredconditionals="0" statements="0" coveredstatements="0" elements="0" coveredelements="0"/>
      </file>
    </package>
    <package name="App\Exceptions">
      <file name="C:\MAMP\htdocs\lite-api\app\Exceptions\Handler.php">
        <class name="App\Exceptions\Handler" namespace="App\Exceptions">
          <metrics complexity="2" methods="2" coveredmethods="2" conditionals="0" coveredconditionals="0" statements="3" coveredstatements="3" elements="5" coveredelements="5"/>
        </class>
        <line num="37" type="method" name="report" visibility="public" complexity="1" crap="1" count="34"/>
        <line num="39" type="stmt" count="34"/>
        <line num="40" type="stmt" count="34"/>
        <line num="51" type="method" name="render" visibility="public" complexity="1" crap="1" count="34"/>
        <line num="53" type="stmt" count="34"/>
        <metrics loc="55" ncloc="26" classes="1" methods="2" coveredmethods="2" conditionals="0" coveredconditionals="0" statements="3" coveredstatements="3" elements="5" coveredelements="5"/>
      </file>
    </package>
    <package name="App">
      <file name="C:\MAMP\htdocs\lite-api\app\Field.php">
        <class name="App\Field" namespace="App">
          <metrics complexity="4" methods="4" coveredmethods="3" conditionals="0" coveredconditionals="0" statements="11" coveredstatements="10" elements="15" coveredelements="13"/>
        </class>
        <line num="50" type="method" name="boot" visibility="protected" complexity="1" crap="1" count="36"/>
        <line num="52" type="stmt" count="36"/>
        <line num="55" type="stmt" count="34"/>
        <line num="56" type="stmt" count="36"/>
        <line num="57" type="stmt" count="36"/>
        <line num="65" type="method" name="setKeyAttribute" visibility="public" complexity="1" crap="1" count="35"/>
        <line num="67" type="stmt" count="35"/>
        <line num="68" type="stmt" count="35"/>
        <line num="70" type="method" name="subscribers" visibility="public" complexity="1" crap="1" count="1"/>
        <line num="72" type="stmt" count="1"/>
        <line num="73" type="stmt" count="1"/>
        <line num="74" type="stmt" count="1"/>
        <line num="75" type="stmt" count="1"/>
        <line num="78" type="method" name="user" visibility="public" complexity="1" crap="2" count="0"/>
        <line num="80" type="stmt" count="0"/>
        <metrics loc="82" ncloc="53" classes="1" methods="4" coveredmethods="3" conditionals="0" coveredconditionals="0" statements="11" coveredstatements="10" elements="15" coveredelements="13"/>
      </file>
      <file name="C:\MAMP\htdocs\lite-api\app\Subscriber.php">
        <class name="App\Subscriber" namespace="App">
          <metrics complexity="4" methods="4" coveredmethods="4" conditionals="0" coveredconditionals="0" statements="16" coveredstatements="16" elements="20" coveredelements="20"/>
        </class>
        <line num="68" type="method" name="boot" visibility="protected" complexity="1" crap="1" count="8"/>
        <line num="70" type="stmt" count="8"/>
        <line num="73" type="stmt" count="5"/>
        <line num="74" type="stmt" count="8"/>
        <line num="75" type="stmt" count="8"/>
        <line num="77" type="method" name="fields" visibility="public" complexity="1" crap="1" count="4"/>
        <line num="79" type="stmt" count="4"/>
        <line num="80" type="stmt" count="4"/>
        <line num="81" type="stmt" count="4"/>
        <line num="82" type="stmt" count="4"/>
        <line num="85" type="method" name="user" visibility="public" complexity="1" crap="1" count="4"/>
        <line num="87" type="stmt" count="4"/>
        <line num="90" type="method" name="saveFields" visibility="public" complexity="1" crap="1" count="1"/>
        <line num="92" type="stmt" count="1"/>
        <line num="93" type="stmt" count="1"/>
        <line num="97" type="stmt" count="1"/>
        <line num="98" type="stmt" count="1"/>
        <line num="101" type="stmt" count="1"/>
        <line num="103" type="stmt" count="1"/>
        <line num="104" type="stmt" count="1"/>
        <metrics loc="105" ncloc="72" classes="1" methods="4" coveredmethods="4" conditionals="0" coveredconditionals="0" statements="16" coveredstatements="16" elements="20" coveredelements="20"/>
      </file>
      <file name="C:\MAMP\htdocs\lite-api\app\SubscriberField.php">
        <class name="App\SubscriberField" namespace="App">
          <metrics complexity="4" methods="3" coveredmethods="2" conditionals="0" coveredconditionals="0" statements="5" coveredstatements="4" elements="8" coveredelements="6"/>
        </class>
        <line num="28" type="method" name="subscriber" visibility="public" complexity="1" crap="2" count="0"/>
        <line num="30" type="stmt" count="0"/>
        <line num="33" type="method" name="field" visibility="public" complexity="1" crap="1" count="3"/>
        <line num="35" type="stmt" count="3"/>
        <line num="38" type="method" name="getValueAttribute" visibility="public" complexity="2" crap="2" count="3"/>
        <line num="40" type="stmt" count="3"/>
        <line num="41" type="stmt" count="3"/>
        <line num="44" type="stmt" count="3"/>
        <metrics loc="46" ncloc="36" classes="1" methods="3" coveredmethods="2" conditionals="0" coveredconditionals="0" statements="5" coveredstatements="4" elements="8" coveredelements="6"/>
      </file>
      <file name="C:\MAMP\htdocs\lite-api\app\User.php">
        <class name="App\User" namespace="App">
          <metrics complexity="4" methods="4" coveredmethods="1" conditionals="0" coveredconditionals="0" statements="4" coveredstatements="1" elements="8" coveredelements="2"/>
        </class>
        <line num="46" type="method" name="getJWTIdentifier" visibility="public" complexity="1" crap="2" count="0"/>
        <line num="48" type="stmt" count="0"/>
        <line num="56" type="method" name="getJWTCustomClaims" visibility="public" complexity="1" crap="2" count="0"/>
        <line num="58" type="stmt" count="0"/>
        <line num="61" type="method" name="fields" visibility="public" complexity="1" crap="1" count="4"/>
        <line num="63" type="stmt" count="4"/>
        <line num="66" type="method" name="subscribers" visibility="public" complexity="1" crap="2" count="0"/>
        <line num="68" type="stmt" count="0"/>
        <metrics loc="70" ncloc="45" classes="1" methods="4" coveredmethods="1" conditionals="0" coveredconditionals="0" statements="4" coveredstatements="1" elements="8" coveredelements="2"/>
      </file>
    </package>
    <package name="App\Http\Controllers">
      <file name="C:\MAMP\htdocs\lite-api\app\Http\Controllers\AuthController.php">
        <class name="App\Http\Controllers\AuthController" namespace="App\Http\Controllers">
          <metrics complexity="6" methods="5" coveredmethods="0" conditionals="0" coveredconditionals="0" statements="13" coveredstatements="0" elements="18" coveredelements="0"/>
        </class>
        <line num="14" type="method" name="login" visibility="public" complexity="2" crap="6" count="0"/>
        <line num="16" type="stmt" count="0"/>
        <line num="18" type="stmt" count="0"/>
        <line num="19" type="stmt" count="0"/>
        <line num="22" type="stmt" count="0"/>
        <line num="30" type="method" name="me" visibility="public" complexity="1" crap="2" count="0"/>
        <line num="32" type="stmt" count="0"/>
        <line num="33" type="stmt" count="0"/>
        <line num="42" type="method" name="logout" visibility="public" complexity="1" crap="2" count="0"/>
        <line num="44" type="stmt" count="0"/>
        <line num="46" type="stmt" count="0"/>
        <line num="54" type="method" name="refresh" visibility="public" complexity="1" crap="2" count="0"/>
        <line num="56" type="stmt" count="0"/>
        <line num="66" type="method" name="respondWithToken" visibility="protected" complexity="1" crap="2" count="0"/>
        <line num="68" type="stmt" count="0"/>
        <line num="69" type="stmt" count="0"/>
        <line num="70" type="stmt" count="0"/>
        <line num="71" type="stmt" count="0"/>
        <metrics loc="74" ncloc="47" classes="1" methods="5" coveredmethods="0" conditionals="0" coveredconditionals="0" statements="13" coveredstatements="0" elements="18" coveredelements="0"/>
      </file>
      <file name="C:\MAMP\htdocs\lite-api\app\Http\Controllers\Controller.php">
        <class name="App\Http\Controllers\Controller" namespace="App\Http\Controllers">
          <metrics complexity="0" methods="0" coveredmethods="0" conditionals="0" coveredconditionals="0" statements="0" coveredstatements="0" elements="0" coveredelements="0"/>
        </class>
        <metrics loc="13" ncloc="13" classes="0" methods="0" coveredmethods="0" conditionals="0" coveredconditionals="0" statements="0" coveredstatements="0" elements="0" coveredelements="0"/>
      </file>
      <file name="C:\MAMP\htdocs\lite-api\app\Http\Controllers\FieldTypesController.php">
        <class name="App\Http\Controllers\FieldTypesController" namespace="App\Http\Controllers">
          <metrics complexity="1" methods="1" coveredmethods="0" conditionals="0" coveredconditionals="0" statements="1" coveredstatements="0" elements="2" coveredelements="0"/>
        </class>
        <line num="14" type="method" name="index" visibility="public" complexity="1" crap="2" count="0"/>
        <line num="16" type="stmt" count="0"/>
        <metrics loc="18" ncloc="13" classes="1" methods="1" coveredmethods="0" conditionals="0" coveredconditionals="0" statements="1" coveredstatements="0" elements="2" coveredelements="0"/>
      </file>
      <file name="C:\MAMP\htdocs\lite-api\app\Http\Controllers\FieldsController.php">
        <class name="App\Http\Controllers\FieldsController" namespace="App\Http\Controllers">
          <metrics complexity="5" methods="5" coveredmethods="5" conditionals="0" coveredconditionals="0" statements="10" coveredstatements="10" elements="15" coveredelements="15"/>
        </class>
        <line num="18" type="method" name="index" visibility="public" complexity="1" crap="1" count="2"/>
        <line num="20" type="stmt" count="2"/>
        <line num="30" type="method" name="store" visibility="public" complexity="1" crap="1" count="1"/>
        <line num="32" type="stmt" count="1"/>
        <line num="33" type="stmt" count="1"/>
        <line num="35" type="stmt" count="1"/>
        <line num="44" type="method" name="show" visibility="public" complexity="1" crap="1" count="1"/>
        <line num="46" type="stmt" count="1"/>
        <line num="57" type="method" name="update" visibility="public" complexity="1" crap="1" count="1"/>
        <line num="59" type="stmt" count="1"/>
        <line num="61" type="stmt" count="1"/>
        <line num="70" type="method" name="destroy" visibility="public" complexity="1" crap="1" count="1"/>
        <line num="73" type="stmt" count="1"/>
        <line num="75" type="stmt" count="1"/>
        <line num="77" type="stmt" count="1"/>
        <metrics loc="79" ncloc="45" classes="1" methods="5" coveredmethods="5" conditionals="0" coveredconditionals="0" statements="10" coveredstatements="10" elements="15" coveredelements="15"/>
      </file>
      <file name="C:\MAMP\htdocs\lite-api\app\Http\Controllers\RegisterController.php">
        <class name="App\Http\Controllers\RegisterController" namespace="App\Http\Controllers">
          <metrics complexity="4" methods="3" coveredmethods="0" conditionals="0" coveredconditionals="0" statements="14" coveredstatements="0" elements="17" coveredelements="0"/>
        </class>
        <line num="40" type="method" name="validator" visibility="protected" complexity="1" crap="2" count="0"/>
        <line num="42" type="stmt" count="0"/>
        <line num="43" type="stmt" count="0"/>
        <line num="55" type="method" name="create" visibility="protected" complexity="1" crap="2" count="0"/>
        <line num="57" type="stmt" count="0"/>
        <line num="58" type="stmt" count="0"/>
        <line num="59" type="stmt" count="0"/>
        <line num="60" type="stmt" count="0"/>
        <line num="70" type="method" name="register" visibility="public" complexity="2" crap="6" count="0"/>
        <line num="72" type="stmt" count="0"/>
        <line num="74" type="stmt" count="0"/>
        <line num="75" type="stmt" count="0"/>
        <line num="76" type="stmt" count="0"/>
        <line num="77" type="stmt" count="0"/>
        <line num="80" type="stmt" count="0"/>
        <line num="82" type="stmt" count="0"/>
        <line num="83" type="stmt" count="0"/>
        <metrics loc="86" ncloc="53" classes="1" methods="3" coveredmethods="0" conditionals="0" coveredconditionals="0" statements="14" coveredstatements="0" elements="17" coveredelements="0"/>
      </file>
      <file name="C:\MAMP\htdocs\lite-api\app\Http\Controllers\SubscribersController.php">
        <class name="App\Http\Controllers\SubscribersController" namespace="App\Http\Controllers">
          <metrics complexity="6" methods="5" coveredmethods="4" conditionals="0" coveredconditionals="0" statements="17" coveredstatements="15" elements="22" coveredelements="19"/>
        </class>
        <line num="22" type="method" name="index" visibility="public" complexity="2" crap="2" count="2"/>
        <line num="24" type="stmt" count="2"/>
        <line num="25" type="stmt" count="2"/>
        <line num="26" type="stmt" count="2"/>
        <line num="27" type="stmt" count="2"/>
        <line num="28" type="stmt" count="2"/>
        <line num="29" type="stmt" count="2"/>
        <line num="31" type="stmt" count="2"/>
        <line num="33" type="stmt" count="2"/>
        <line num="43" type="method" name="store" visibility="public" complexity="1" crap="1" count="1"/>
        <line num="45" type="stmt" count="1"/>
        <line num="46" type="stmt" count="1"/>
        <line num="48" type="stmt" count="1"/>
        <line num="57" type="method" name="show" visibility="public" complexity="1" crap="1" count="1"/>
        <line num="59" type="stmt" count="1"/>
        <line num="70" type="method" name="update" visibility="public" complexity="1" crap="2" count="0"/>
        <line num="72" type="stmt" count="0"/>
        <line num="74" type="stmt" count="0"/>
        <line num="83" type="method" name="destroy" visibility="public" complexity="1" crap="1" count="1"/>
        <line num="86" type="stmt" count="1"/>
        <line num="88" type="stmt" count="1"/>
        <line num="90" type="stmt" count="1"/>
        <metrics loc="92" ncloc="58" classes="1" methods="5" coveredmethods="4" conditionals="0" coveredconditionals="0" statements="17" coveredstatements="15" elements="22" coveredelements="19"/>
      </file>
      <file name="C:\MAMP\htdocs\lite-api\app\Http\Controllers\TokensController.php">
        <class name="App\Http\Controllers\TokensController" namespace="App\Http\Controllers">
          <metrics complexity="3" methods="3" coveredmethods="0" conditionals="0" coveredconditionals="0" statements="6" coveredstatements="0" elements="9" coveredelements="0"/>
        </class>
        <line num="16" type="method" name="index" visibility="public" complexity="1" crap="2" count="0"/>
        <line num="18" type="stmt" count="0"/>
        <line num="27" type="method" name="store" visibility="public" complexity="1" crap="2" count="0"/>
        <line num="29" type="stmt" count="0"/>
        <line num="31" type="stmt" count="0"/>
        <line num="32" type="stmt" count="0"/>
        <line num="42" type="method" name="destroy" visibility="public" complexity="1" crap="2" count="0"/>
        <line num="44" type="stmt" count="0"/>
        <line num="46" type="stmt" count="0"/>
        <metrics loc="48" ncloc="31" classes="1" methods="3" coveredmethods="0" conditionals="0" coveredconditionals="0" statements="6" coveredstatements="0" elements="9" coveredelements="0"/>
      </file>
    </package>
    <package name="App\Http\Controllers\Auth">
      <file name="C:\MAMP\htdocs\lite-api\app\Http\Controllers\Auth\ConfirmPasswordController.php">
        <class name="App\Http\Controllers\Auth\ConfirmPasswordController" namespace="App\Http\Controllers\Auth">
          <metrics complexity="1" methods="1" coveredmethods="0" conditionals="0" coveredconditionals="0" statements="2" coveredstatements="0" elements="3" coveredelements="0"/>
        </class>
        <line num="36" type="method" name="__construct" visibility="public" complexity="1" crap="2" count="0"/>
        <line num="38" type="stmt" count="0"/>
        <line num="39" type="stmt" count="0"/>
        <metrics loc="40" ncloc="20" classes="1" methods="1" coveredmethods="0" conditionals="0" coveredconditionals="0" statements="2" coveredstatements="0" elements="3" coveredelements="0"/>
      </file>
      <file name="C:\MAMP\htdocs\lite-api\app\Http\Controllers\Auth\ForgotPasswordController.php">
        <class name="App\Http\Controllers\Auth\ForgotPasswordController" namespace="App\Http\Controllers\Auth">
          <metrics complexity="0" methods="0" coveredmethods="0" conditionals="0" coveredconditionals="0" statements="0" coveredstatements="0" elements="0" coveredelements="0"/>
        </class>
        <metrics loc="22" ncloc="12" classes="0" methods="0" coveredmethods="0" conditionals="0" coveredconditionals="0" statements="0" coveredstatements="0" elements="0" coveredelements="0"/>
      </file>
      <file name="C:\MAMP\htdocs\lite-api\app\Http\Controllers\Auth\LoginController.php">
        <class name="App\Http\Controllers\Auth\LoginController" namespace="App\Http\Controllers\Auth">
          <metrics complexity="1" methods="1" coveredmethods="0" conditionals="0" coveredconditionals="0" statements="2" coveredstatements="0" elements="3" coveredelements="0"/>
        </class>
        <line num="36" type="method" name="__construct" visibility="public" complexity="1" crap="2" count="0"/>
        <line num="38" type="stmt" count="0"/>
        <line num="39" type="stmt" count="0"/>
        <metrics loc="40" ncloc="20" classes="1" methods="1" coveredmethods="0" conditionals="0" coveredconditionals="0" statements="2" coveredstatements="0" elements="3" coveredelements="0"/>
      </file>
      <file name="C:\MAMP\htdocs\lite-api\app\Http\Controllers\Auth\RegisterController.php">
        <class name="App\Http\Controllers\Auth\RegisterController" namespace="App\Http\Controllers\Auth">
          <metrics complexity="3" methods="3" coveredmethods="0" conditionals="0" coveredconditionals="0" statements="8" coveredstatements="0" elements="11" coveredelements="0"/>
        </class>
        <line num="39" type="method" name="__construct" visibility="public" complexity="1" crap="2" count="0"/>
        <line num="41" type="stmt" count="0"/>
        <line num="42" type="stmt" count="0"/>
        <line num="50" type="method" name="validator" visibility="protected" complexity="1" crap="2" count="0"/>
        <line num="52" type="stmt" count="0"/>
        <line num="53" type="stmt" count="0"/>
        <line num="65" type="method" name="create" visibility="protected" complexity="1" crap="2" count="0"/>
        <line num="67" type="stmt" count="0"/>
        <line num="68" type="stmt" count="0"/>
        <line num="69" type="stmt" count="0"/>
        <line num="70" type="stmt" count="0"/>
        <metrics loc="73" ncloc="41" classes="1" methods="3" coveredmethods="0" conditionals="0" coveredconditionals="0" statements="8" coveredstatements="0" elements="11" coveredelements="0"/>
      </file>
      <file name="C:\MAMP\htdocs\lite-api\app\Http\Controllers\Auth\ResetPasswordController.php">
        <class name="App\Http\Controllers\Auth\ResetPasswordController" namespace="App\Http\Controllers\Auth">
          <metrics complexity="0" methods="0" coveredmethods="0" conditionals="0" coveredconditionals="0" statements="0" coveredstatements="0" elements="0" coveredelements="0"/>
        </class>
        <metrics loc="30" ncloc="15" classes="0" methods="0" coveredmethods="0" conditionals="0" coveredconditionals="0" statements="0" coveredstatements="0" elements="0" coveredelements="0"/>
      </file>
      <file name="C:\MAMP\htdocs\lite-api\app\Http\Controllers\Auth\VerificationController.php">
        <class name="App\Http\Controllers\Auth\VerificationController" namespace="App\Http\Controllers\Auth">
          <metrics complexity="1" methods="1" coveredmethods="0" conditionals="0" coveredconditionals="0" statements="4" coveredstatements="0" elements="5" coveredelements="0"/>
        </class>
        <line num="36" type="method" name="__construct" visibility="public" complexity="1" crap="2" count="0"/>
        <line num="38" type="stmt" count="0"/>
        <line num="39" type="stmt" count="0"/>
        <line num="40" type="stmt" count="0"/>
        <line num="41" type="stmt" count="0"/>
        <metrics loc="42" ncloc="22" classes="1" methods="1" coveredmethods="0" conditionals="0" coveredconditionals="0" statements="4" coveredstatements="0" elements="5" coveredelements="0"/>
      </file>
    </package>
    <package name="App\Http\Filters">
      <file name="C:\MAMP\htdocs\lite-api\app\Http\Filters\SearchSubscribersFilter.php">
        <class name="App\Http\Filters\SearchSubscribersFilter" namespace="App\Http\Filters">
          <metrics complexity="1" methods="1" coveredmethods="0" conditionals="0" coveredconditionals="0" statements="2" coveredstatements="0" elements="3" coveredelements="0"/>
        </class>
        <line num="11" type="method" name="__invoke" visibility="public" complexity="1" crap="2" count="0"/>
        <line num="13" type="stmt" count="0"/>
        <line num="14" type="stmt" count="0"/>
        <metrics loc="16" ncloc="14" classes="1" methods="1" coveredmethods="0" conditionals="0" coveredconditionals="0" statements="2" coveredstatements="0" elements="3" coveredelements="0"/>
      </file>
      <file name="C:\MAMP\htdocs\lite-api\app\Http\Filters\SubscribersByStateFilter.php">
        <class name="App\Http\Filters\SubscribersByStateFilter" namespace="App\Http\Filters">
          <metrics complexity="1" methods="1" coveredmethods="0" conditionals="0" coveredconditionals="0" statements="3" coveredstatements="0" elements="4" coveredelements="0"/>
        </class>
        <line num="11" type="method" name="__invoke" visibility="public" complexity="1" crap="2" count="0"/>
        <line num="13" type="stmt" count="0"/>
        <line num="16" type="stmt" count="0"/>
        <line num="17" type="stmt" count="0"/>
        <metrics loc="19" ncloc="19" classes="1" methods="1" coveredmethods="0" conditionals="0" coveredconditionals="0" statements="3" coveredstatements="0" elements="4" coveredelements="0"/>
      </file>
    </package>
    <package name="App\Http">
      <file name="C:\MAMP\htdocs\lite-api\app\Http\Kernel.php">
        <class name="App\Http\Kernel" namespace="App\Http">
          <metrics complexity="0" methods="0" coveredmethods="0" conditionals="0" coveredconditionals="0" statements="0" coveredstatements="0" elements="0" coveredelements="0"/>
        </class>
        <metrics loc="83" ncloc="55" classes="0" methods="0" coveredmethods="0" conditionals="0" coveredconditionals="0" statements="0" coveredstatements="0" elements="0" coveredelements="0"/>
      </file>
    </package>
    <package name="App\Http\Middleware">
      <file name="C:\MAMP\htdocs\lite-api\app\Http\Middleware\Authenticate.php">
        <class name="App\Http\Middleware\Authenticate" namespace="App\Http\Middleware">
          <metrics complexity="1" methods="1" coveredmethods="0" conditionals="0" coveredconditionals="0" statements="1" coveredstatements="0" elements="2" coveredelements="0"/>
        </class>
        <line num="15" type="method" name="redirectTo" visibility="protected" complexity="1" crap="2" count="0"/>
        <line num="17" type="stmt" count="0"/>
        <metrics loc="19" ncloc="13" classes="1" methods="1" coveredmethods="0" conditionals="0" coveredconditionals="0" statements="1" coveredstatements="0" elements="2" coveredelements="0"/>
      </file>
      <file name="C:\MAMP\htdocs\lite-api\app\Http\Middleware\CheckForMaintenanceMode.php">
        <class name="App\Http\Middleware\CheckForMaintenanceMode" namespace="App\Http\Middleware">
          <metrics complexity="0" methods="0" coveredmethods="0" conditionals="0" coveredconditionals="0" statements="0" coveredstatements="0" elements="0" coveredelements="0"/>
        </class>
        <metrics loc="17" ncloc="10" classes="0" methods="0" coveredmethods="0" conditionals="0" coveredconditionals="0" statements="0" coveredstatements="0" elements="0" coveredelements="0"/>
      </file>
      <file name="C:\MAMP\htdocs\lite-api\app\Http\Middleware\EncryptCookies.php">
        <class name="App\Http\Middleware\EncryptCookies" namespace="App\Http\Middleware">
          <metrics complexity="0" methods="0" coveredmethods="0" conditionals="0" coveredconditionals="0" statements="0" coveredstatements="0" elements="0" coveredelements="0"/>
        </class>
        <metrics loc="17" ncloc="10" classes="0" methods="0" coveredmethods="0" conditionals="0" coveredconditionals="0" statements="0" coveredstatements="0" elements="0" coveredelements="0"/>
      </file>
      <file name="C:\MAMP\htdocs\lite-api\app\Http\Middleware\RedirectIfAuthenticated.php">
        <class name="App\Http\Middleware\RedirectIfAuthenticated" namespace="App\Http\Middleware">
          <metrics complexity="2" methods="1" coveredmethods="0" conditionals="0" coveredconditionals="0" statements="3" coveredstatements="0" elements="4" coveredelements="0"/>
        </class>
        <line num="19" type="method" name="handle" visibility="public" complexity="2" crap="6" count="0"/>
        <line num="21" type="stmt" count="0"/>
        <line num="22" type="stmt" count="0"/>
        <line num="25" type="stmt" count="0"/>
        <metrics loc="27" ncloc="19" classes="1" methods="1" coveredmethods="0" conditionals="0" coveredconditionals="0" statements="3" coveredstatements="0" elements="4" coveredelements="0"/>
      </file>
      <file name="C:\MAMP\htdocs\lite-api\app\Http\Middleware\TrimStrings.php">
        <class name="App\Http\Middleware\TrimStrings" namespace="App\Http\Middleware">
          <metrics complexity="0" methods="0" coveredmethods="0" conditionals="0" coveredconditionals="0" statements="0" coveredstatements="0" elements="0" coveredelements="0"/>
        </class>
        <metrics loc="18" ncloc="13" classes="0" methods="0" coveredmethods="0" conditionals="0" coveredconditionals="0" statements="0" coveredstatements="0" elements="0" coveredelements="0"/>
      </file>
      <file name="C:\MAMP\htdocs\lite-api\app\Http\Middleware\TrustProxies.php">
        <class name="App\Http\Middleware\TrustProxies" namespace="App\Http\Middleware">
          <metrics complexity="0" methods="0" coveredmethods="0" conditionals="0" coveredconditionals="0" statements="0" coveredstatements="0" elements="0" coveredelements="0"/>
        </class>
        <metrics loc="23" ncloc="13" classes="0" methods="0" coveredmethods="0" conditionals="0" coveredconditionals="0" statements="0" coveredstatements="0" elements="0" coveredelements="0"/>
      </file>
      <file name="C:\MAMP\htdocs\lite-api\app\Http\Middleware\VerifyCsrfToken.php">
        <class name="App\Http\Middleware\VerifyCsrfToken" namespace="App\Http\Middleware">
          <metrics complexity="0" methods="0" coveredmethods="0" conditionals="0" coveredconditionals="0" statements="0" coveredstatements="0" elements="0" coveredelements="0"/>
        </class>
        <metrics loc="24" ncloc="12" classes="0" methods="0" coveredmethods="0" conditionals="0" coveredconditionals="0" statements="0" coveredstatements="0" elements="0" coveredelements="0"/>
      </file>
    </package>
    <package name="App\Http\Requests">
      <file name="C:\MAMP\htdocs\lite-api\app\Http\Requests\StoreField.php">
        <class name="App\Http\Requests\StoreField" namespace="App\Http\Requests">
          <metrics complexity="1" methods="1" coveredmethods="1" conditionals="0" coveredconditionals="0" statements="3" coveredstatements="3" elements="4" coveredelements="4"/>
        </class>
        <line num="16" type="method" name="rules" visibility="public" complexity="1" crap="1" count="9"/>
        <line num="19" type="stmt" count="9"/>
        <line num="21" type="stmt" count="9"/>
        <line num="22" type="stmt" count="9"/>
        <metrics loc="26" ncloc="21" classes="1" methods="1" coveredmethods="1" conditionals="0" coveredconditionals="0" statements="3" coveredstatements="3" elements="4" coveredelements="4"/>
      </file>
      <file name="C:\MAMP\htdocs\lite-api\app\Http\Requests\StoreSubscriber.php">
        <class name="App\Http\Requests\StoreSubscriber" namespace="App\Http\Requests">
          <metrics complexity="8" methods="6" coveredmethods="5" conditionals="0" coveredconditionals="0" statements="21" coveredstatements="20" elements="27" coveredelements="25"/>
        </class>
        <line num="18" type="method" name="rules" visibility="public" complexity="1" crap="1" count="24"/>
        <line num="20" type="stmt" count="24"/>
        <line num="21" type="stmt" count="24"/>
        <line num="22" type="stmt" count="24"/>
        <line num="24" type="stmt" count="24"/>
        <line num="25" type="stmt" count="24"/>
        <line num="26" type="stmt" count="24"/>
        <line num="27" type="stmt" count="24"/>
        <line num="28" type="stmt" count="24"/>
        <line num="32" type="stmt" count="23"/>
        <line num="35" type="stmt" count="23"/>
        <line num="36" type="stmt" count="23"/>
        <line num="37" type="stmt" count="23"/>
        <line num="40" type="stmt" count="24"/>
        <line num="43" type="method" name="fieldRules" visibility="protected" complexity="3" crap="3.14" count="23"/>
        <line num="45" type="stmt" count="23"/>
        <line num="46" type="stmt" count="23"/>
        <line num="47" type="stmt" count="0"/>
        <line num="50" type="stmt" count="23"/>
        <line num="53" type="method" name="getDateFieldRules" visibility="protected" complexity="1" crap="1" count="17"/>
        <line num="55" type="stmt" count="17"/>
        <line num="58" type="method" name="getNumberFieldRules" visibility="protected" complexity="1" crap="1" count="17"/>
        <line num="60" type="stmt" count="17"/>
        <line num="63" type="method" name="getBooleanFieldRules" visibility="protected" complexity="1" crap="1" count="16"/>
        <line num="65" type="stmt" count="16"/>
        <line num="68" type="method" name="getTextFieldRules" visibility="protected" complexity="1" crap="1" count="15"/>
        <line num="70" type="stmt" count="15"/>
        <metrics loc="72" ncloc="67" classes="1" methods="6" coveredmethods="5" conditionals="0" coveredconditionals="0" statements="21" coveredstatements="20" elements="27" coveredelements="25"/>
      </file>
      <file name="C:\MAMP\htdocs\lite-api\app\Http\Requests\StoreToken.php">
        <class name="App\Http\Requests\StoreToken" namespace="App\Http\Requests">
          <metrics complexity="1" methods="1" coveredmethods="0" conditionals="0" coveredconditionals="0" statements="1" coveredstatements="0" elements="2" coveredelements="0"/>
        </class>
        <line num="14" type="method" name="rules" visibility="public" complexity="1" crap="2" count="0"/>
        <line num="17" type="stmt" count="0"/>
        <metrics loc="20" ncloc="15" classes="1" methods="1" coveredmethods="0" conditionals="0" coveredconditionals="0" statements="1" coveredstatements="0" elements="2" coveredelements="0"/>
      </file>
      <file name="C:\MAMP\htdocs\lite-api\app\Http\Requests\UpdateField.php">
        <class name="App\Http\Requests\UpdateField" namespace="App\Http\Requests">
          <metrics complexity="1" methods="1" coveredmethods="1" conditionals="0" coveredconditionals="0" statements="1" coveredstatements="1" elements="2" coveredelements="2"/>
        </class>
        <line num="14" type="method" name="rules" visibility="public" complexity="1" crap="1" count="4"/>
        <line num="17" type="stmt" count="4"/>
        <metrics loc="20" ncloc="15" classes="1" methods="1" coveredmethods="1" conditionals="0" coveredconditionals="0" statements="1" coveredstatements="1" elements="2" coveredelements="2"/>
      </file>
      <file name="C:\MAMP\htdocs\lite-api\app\Http\Requests\UpdateSubscriber.php">
        <class name="App\Http\Requests\UpdateSubscriber" namespace="App\Http\Requests">
          <metrics complexity="1" methods="1" coveredmethods="0" conditionals="0" coveredconditionals="0" statements="8" coveredstatements="0" elements="9" coveredelements="0"/>
        </class>
        <line num="15" type="method" name="rules" visibility="public" complexity="1" crap="2" count="0"/>
        <line num="17" type="stmt" count="0"/>
        <line num="18" type="stmt" count="0"/>
        <line num="19" type="stmt" count="0"/>
        <line num="21" type="stmt" count="0"/>
        <line num="22" type="stmt" count="0"/>
        <line num="23" type="stmt" count="0"/>
        <line num="24" type="stmt" count="0"/>
        <line num="27" type="stmt" count="0"/>
        <metrics loc="29" ncloc="24" classes="1" methods="1" coveredmethods="0" conditionals="0" coveredconditionals="0" statements="8" coveredstatements="0" elements="9" coveredelements="0"/>
      </file>
    </package>
    <package name="App\Http\Resources">
      <file name="C:\MAMP\htdocs\lite-api\app\Http\Resources\FieldResource.php">
        <class name="App\Http\Resources\FieldResource" namespace="App\Http\Resources">
          <metrics complexity="1" methods="1" coveredmethods="1" conditionals="0" coveredconditionals="0" statements="6" coveredstatements="6" elements="7" coveredelements="7"/>
        </class>
        <line num="15" type="method" name="toArray" visibility="public" complexity="1" crap="1" count="4"/>
        <line num="18" type="stmt" count="4"/>
        <line num="19" type="stmt" count="4"/>
        <line num="20" type="stmt" count="4"/>
        <line num="21" type="stmt" count="4"/>
        <line num="22" type="stmt" count="4"/>
        <line num="23" type="stmt" count="4"/>
        <metrics loc="26" ncloc="20" classes="1" methods="1" coveredmethods="1" conditionals="0" coveredconditionals="0" statements="6" coveredstatements="6" elements="7" coveredelements="7"/>
      </file>
      <file name="C:\MAMP\htdocs\lite-api\app\Http\Resources\SubscriberFieldResource.php">
        <class name="App\Http\Resources\SubscriberFieldResource" namespace="App\Http\Resources">
          <metrics complexity="1" methods="1" coveredmethods="1" conditionals="0" coveredconditionals="0" statements="3" coveredstatements="3" elements="4" coveredelements="4"/>
        </class>
        <line num="15" type="method" name="toArray" visibility="public" complexity="1" crap="1" count="3"/>
        <line num="18" type="stmt" count="3"/>
        <line num="19" type="stmt" count="3"/>
        <line num="20" type="stmt" count="3"/>
        <metrics loc="23" ncloc="17" classes="1" methods="1" coveredmethods="1" conditionals="0" coveredconditionals="0" statements="3" coveredstatements="3" elements="4" coveredelements="4"/>
      </file>
      <file name="C:\MAMP\htdocs\lite-api\app\Http\Resources\SubscriberResource.php">
        <class name="App\Http\Resources\SubscriberResource" namespace="App\Http\Resources">
          <metrics complexity="1" methods="1" coveredmethods="1" conditionals="0" coveredconditionals="0" statements="9" coveredstatements="9" elements="10" coveredelements="10"/>
        </class>
        <line num="15" type="method" name="toArray" visibility="public" complexity="1" crap="1" count="3"/>
        <line num="18" type="stmt" count="3"/>
        <line num="19" type="stmt" count="3"/>
        <line num="20" type="stmt" count="3"/>
        <line num="21" type="stmt" count="3"/>
        <line num="22" type="stmt" count="3"/>
        <line num="23" type="stmt" count="3"/>
        <line num="24" type="stmt" count="3"/>
        <line num="25" type="stmt" count="3"/>
        <line num="26" type="stmt" count="3"/>
        <metrics loc="29" ncloc="23" classes="1" methods="1" coveredmethods="1" conditionals="0" coveredconditionals="0" statements="9" coveredstatements="9" elements="10" coveredelements="10"/>
      </file>
      <file name="C:\MAMP\htdocs\lite-api\app\Http\Resources\TokenResource.php">
        <class name="App\Http\Resources\TokenResource" namespace="App\Http\Resources">
          <metrics complexity="1" methods="1" coveredmethods="0" conditionals="0" coveredconditionals="0" statements="3" coveredstatements="0" elements="4" coveredelements="0"/>
        </class>
        <line num="15" type="method" name="toArray" visibility="public" complexity="1" crap="2" count="0"/>
        <line num="18" type="stmt" count="0"/>
        <line num="19" type="stmt" count="0"/>
        <line num="20" type="stmt" count="0"/>
        <metrics loc="23" ncloc="17" classes="1" methods="1" coveredmethods="0" conditionals="0" coveredconditionals="0" statements="3" coveredstatements="0" elements="4" coveredelements="0"/>
      </file>
      <file name="C:\MAMP\htdocs\lite-api\app\Http\Resources\UserResource.php">
        <class name="App\Http\Resources\UserResource" namespace="App\Http\Resources">
          <metrics complexity="1" methods="1" coveredmethods="0" conditionals="0" coveredconditionals="0" statements="3" coveredstatements="0" elements="4" coveredelements="0"/>
        </class>
        <line num="15" type="method" name="toArray" visibility="public" complexity="1" crap="2" count="0"/>
        <line num="18" type="stmt" count="0"/>
        <line num="19" type="stmt" count="0"/>
        <line num="20" type="stmt" count="0"/>
        <metrics loc="23" ncloc="17" classes="1" methods="1" coveredmethods="0" conditionals="0" coveredconditionals="0" statements="3" coveredstatements="0" elements="4" coveredelements="0"/>
      </file>
    </package>
    <package name="App\Providers">
      <file name="C:\MAMP\htdocs\lite-api\app\Providers\AppServiceProvider.php">
        <class name="App\Providers\AppServiceProvider" namespace="App\Providers">
          <metrics complexity="2" methods="2" coveredmethods="2" conditionals="0" coveredconditionals="0" statements="3" coveredstatements="3" elements="5" coveredelements="5"/>
        </class>
        <line num="15" type="method" name="register" visibility="public" complexity="1" crap="1" count="45"/>
        <line num="18" type="stmt" count="45"/>
        <line num="25" type="method" name="boot" visibility="public" complexity="1" crap="1" count="45"/>
        <line num="27" type="stmt" count="45"/>
        <line num="28" type="stmt" count="45"/>
        <metrics loc="29" ncloc="17" classes="1" methods="2" coveredmethods="2" conditionals="0" coveredconditionals="0" statements="3" coveredstatements="3" elements="5" coveredelements="5"/>
      </file>
      <file name="C:\MAMP\htdocs\lite-api\app\Providers\AuthServiceProvider.php">
        <class name="App\Providers\AuthServiceProvider" namespace="App\Providers">
          <metrics complexity="1" methods="1" coveredmethods="1" conditionals="0" coveredconditionals="0" statements="2" coveredstatements="2" elements="3" coveredelements="3"/>
        </class>
        <line num="23" type="method" name="boot" visibility="public" complexity="1" crap="1" count="45"/>
        <line num="25" type="stmt" count="45"/>
        <line num="28" type="stmt" count="45"/>
        <metrics loc="29" ncloc="15" classes="1" methods="1" coveredmethods="1" conditionals="0" coveredconditionals="0" statements="2" coveredstatements="2" elements="3" coveredelements="3"/>
      </file>
      <file name="C:\MAMP\htdocs\lite-api\app\Providers\BroadcastServiceProvider.php">
        <class name="App\Providers\BroadcastServiceProvider" namespace="App\Providers">
          <metrics complexity="1" methods="1" coveredmethods="0" conditionals="0" coveredconditionals="0" statements="3" coveredstatements="0" elements="4" coveredelements="0"/>
        </class>
        <line num="15" type="method" name="boot" visibility="public" complexity="1" crap="2" count="0"/>
        <line num="17" type="stmt" count="0"/>
        <line num="19" type="stmt" count="0"/>
        <line num="20" type="stmt" count="0"/>
        <metrics loc="21" ncloc="16" classes="1" methods="1" coveredmethods="0" conditionals="0" coveredconditionals="0" statements="3" coveredstatements="0" elements="4" coveredelements="0"/>
      </file>
      <file name="C:\MAMP\htdocs\lite-api\app\Providers\EventServiceProvider.php">
        <class name="App\Providers\EventServiceProvider" namespace="App\Providers">
          <metrics complexity="1" methods="1" coveredmethods="1" conditionals="0" coveredconditionals="0" statements="2" coveredstatements="2" elements="3" coveredelements="3"/>
        </class>
        <line num="28" type="method" name="boot" visibility="public" complexity="1" crap="1" count="45"/>
        <line num="30" type="stmt" count="45"/>
        <line num="33" type="stmt" count="45"/>
        <metrics loc="34" ncloc="22" classes="1" methods="1" coveredmethods="1" conditionals="0" coveredconditionals="0" statements="2" coveredstatements="2" elements="3" coveredelements="3"/>
      </file>
      <file name="C:\MAMP\htdocs\lite-api\app\Providers\RouteServiceProvider.php">
        <class name="App\Providers\RouteServiceProvider" namespace="App\Providers">
          <metrics complexity="4" methods="4" coveredmethods="4" conditionals="0" coveredconditionals="0" statements="15" coveredstatements="15" elements="19" coveredelements="19"/>
        </class>
        <line num="31" type="method" name="boot" visibility="public" complexity="1" crap="1" count="45"/>
        <line num="33" type="stmt" count="45"/>
        <line num="35" type="stmt" count="45"/>
        <line num="36" type="stmt" count="45"/>
        <line num="43" type="method" name="map" visibility="public" complexity="1" crap="1" count="45"/>
        <line num="45" type="stmt" count="45"/>
        <line num="47" type="stmt" count="45"/>
        <line num="50" type="stmt" count="45"/>
        <line num="59" type="method" name="mapWebRoutes" visibility="protected" complexity="1" crap="1" count="45"/>
        <line num="61" type="stmt" count="45"/>
        <line num="62" type="stmt" count="45"/>
        <line num="63" type="stmt" count="45"/>
        <line num="64" type="stmt" count="45"/>
        <line num="73" type="method" name="mapApiRoutes" visibility="protected" complexity="1" crap="1" count="45"/>
        <line num="75" type="stmt" count="45"/>
        <line num="76" type="stmt" count="45"/>
        <line num="77" type="stmt" count="45"/>
        <line num="78" type="stmt" count="45"/>
        <line num="79" type="stmt" count="45"/>
        <metrics loc="80" ncloc="42" classes="1" methods="4" coveredmethods="4" conditionals="0" coveredconditionals="0" statements="15" coveredstatements="15" elements="19" coveredelements="19"/>
      </file>
    </package>
    <metrics files="48" loc="1895" ncloc="1244" classes="37" methods="78" coveredmethods="43" conditionals="0" coveredconditionals="0" statements="229" coveredstatements="143" elements="307" coveredelements="186"/>
  </project>
</coverage>
